


Record start
Time: 2020-03-05 18:56:47
Backend: ibmq_boeblingen
Qubits: 20
Basis gates: u1, u2, u3, cx, id
Max shots: 8192
creg size: 3
qreg size: 6

000: 143
001: 75
010: 175
011: 131
100: 134
101: 84
110: 154
111: 128

Record end






Record start
Time: 2020-03-05 19:06:46
Backend: ibmq_boeblingen
Qubits: 20
Basis gates: u1, u2, u3, cx, id
Shots: 8192
Max shots: 8192
creg size: 3
qreg size: 6

000: 1112
001: 987
010: 995
011: 972
100: 1151
101: 975
110: 1091
111: 909

Record end






Record start
file: simulation.py
Time: 2020-03-22 12:27:00
Backend: ibmq_rochester
Qubits: 53
Basis gates: u1, u2, u3, cx, id
Shots: 1024
Max shots: 8192
creg size: 7
qreg size: 14

0000000: 20
0000001: 16
0000010: 17
0000011: 12
0000100: 19
0000101: 13
0000110: 15
0000111: 16
0001000: 16
0001001: 16
0001010: 9
0001011: 13
0001100: 12
0001101: 11
0001110: 10
0001111: 8
0010000: 13
0010001: 11
0010010: 12
0010011: 12
0010100: 12
0010101: 11
0010110: 10
0010111: 10
0011000: 9
0011001: 13
0011010: 6
0011011: 8
0011100: 8
0011101: 9
0011110: 9
0011111: 10
0100000: 10
0100001: 18
0100010: 14
0100011: 8
0100100: 11
0100101: 9
0100110: 9
0100111: 6
0101000: 8
0101001: 8
0101010: 6
0101011: 6
0101100: 8
0101101: 7
0101110: 12
0101111: 8
0110000: 3
0110001: 10
0110010: 9
0110011: 3
0110100: 7
0110101: 3
0110110: 4
0110111: 3
0111000: 7
0111001: 6
0111010: 3
0111011: 3
0111100: 5
0111101: 6
0111110: 3
0111111: 1
1000000: 10
1000001: 22
1000010: 7
1000011: 11
1000100: 10
1000101: 12
1000110: 12
1000111: 8
1001000: 12
1001001: 5
1001010: 10
1001011: 10
1001100: 6
1001101: 7
1001110: 6
1001111: 7
1010000: 13
1010001: 8
1010010: 6
1010011: 5
1010100: 9
1010101: 9
1010110: 13
1010111: 7
1011000: 6
1011001: 7
1011010: 2
1011011: 3
1011100: 7
1011101: 3
1011110: 1
1011111: 8
1100000: 8
1100001: 7
1100010: 7
1100011: 3
1100100: 7
1100101: 5
1100110: 8
1100111: 4
1101000: 4
1101001: 5
1101010: 6
1101011: 2
1101100: 3
1101101: 6
1101110: 3
1101111: 5
1110000: 10
1110001: 4
1110010: 3
1110011: 9
1110100: 6
1110101: 4
1110110: 5
1110111: 3
1111000: 3
1111001: 4
1111010: 5
1111011: 2
1111100: 3
1111101: 4
1111110: 2
1111111: 2

Record end






Record start
file: simulation.py
Time: 2020-03-22 13:54:25
Backend: ibmq_cambridge
Qubits: 28
Basis gates: u1, u2, u3, cx, id
Shots: 1024
Max shots: 8192
creg size: 7
qreg size: 14

0000000: 19
0000001: 15
0000010: 10
0000011: 12
0000100: 16
0000101: 11
0000110: 8
0000111: 4
0001000: 8
0001001: 9
0001010: 12
0001011: 8
0001100: 8
0001101: 8
0001110: 7
0001111: 7
0010000: 8
0010001: 5
0010010: 12
0010011: 9
0010100: 10
0010101: 7
0010110: 6
0010111: 5
0011000: 11
0011001: 6
0011010: 3
0011011: 8
0011100: 7
0011101: 6
0011110: 6
0011111: 4
0100000: 17
0100001: 17
0100010: 11
0100011: 7
0100100: 8
0100101: 7
0100110: 5
0100111: 4
0101000: 11
0101001: 10
0101010: 5
0101011: 7
0101100: 10
0101101: 4
0101110: 4
0101111: 3
0110000: 8
0110001: 17
0110010: 6
0110011: 8
0110100: 11
0110101: 3
0110110: 6
0110111: 7
0111000: 7
0111001: 7
0111010: 8
0111011: 10
0111100: 6
0111101: 7
0111110: 8
0111111: 2
1000000: 17
1000001: 4
1000010: 10
1000011: 6
1000100: 7
1000101: 12
1000110: 5
1000111: 4
1001000: 13
1001001: 12
1001010: 6
1001011: 9
1001100: 7
1001101: 5
1001110: 6
1001111: 4
1010000: 12
1010001: 6
1010010: 6
1010011: 6
1010100: 8
1010101: 11
1010110: 7
1010111: 9
1011000: 8
1011001: 10
1011010: 7
1011011: 7
1011100: 9
1011101: 8
1011110: 6
1011111: 4
1100000: 14
1100001: 8
1100010: 7
1100011: 13
1100100: 11
1100101: 9
1100110: 6
1100111: 7
1101000: 12
1101001: 10
1101010: 10
1101011: 9
1101100: 2
1101101: 7
1101110: 8
1101111: 3
1110000: 16
1110001: 7
1110010: 9
1110011: 9
1110100: 9
1110101: 6
1110110: 6
1110111: 3
1111000: 8
1111001: 9
1111010: 4
1111011: 7
1111100: 6
1111101: 5
1111110: 2
1111111: 5

Record end






Record start
file: simulation.py
Time: 2020-03-22 14:02:31
Backend: ibmq_cambridge
Qubits: 28
Basis gates: u1, u2, u3, cx, id
Shots: 1024
Max shots: 8192
creg size: 7
qreg size: 14

0000000: 14
0000001: 15
0000010: 11
0000011: 5
0000100: 4
0000101: 4
0000110: 15
0000111: 7
0001000: 14
0001001: 8
0001010: 20
0001011: 8
0001100: 9
0001101: 6
0001110: 2
0001111: 4
0010000: 17
0010001: 12
0010010: 13
0010011: 12
0010100: 10
0010101: 2
0010110: 5
0010111: 6
0011000: 8
0011001: 8
0011010: 11
0011011: 13
0011100: 5
0011101: 5
0011110: 7
0011111: 2
0100000: 10
0100001: 10
0100010: 24
0100011: 14
0100100: 7
0100101: 5
0100110: 5
0100111: 3
0101000: 9
0101001: 6
0101010: 16
0101011: 5
0101100: 5
0101101: 4
0101110: 6
0101111: 3
0110000: 16
0110001: 9
0110010: 16
0110011: 7
0110100: 5
0110101: 4
0110110: 2
0110111: 6
0111000: 16
0111001: 9
0111010: 8
0111011: 8
0111100: 3
0111101: 2
0111110: 2
0111111: 4
1000000: 8
1000001: 9
1000010: 13
1000011: 8
1000100: 5
1000101: 7
1000110: 7
1000111: 5
1001000: 19
1001001: 10
1001010: 14
1001011: 12
1001100: 2
1001101: 1
1001110: 0
1001111: 3
1010000: 8
1010001: 10
1010010: 12
1010011: 6
1010100: 5
1010101: 5
1010110: 7
1010111: 7
1011000: 9
1011001: 6
1011010: 9
1011011: 8
1011100: 6
1011101: 1
1011110: 4
1011111: 2
1100000: 11
1100001: 6
1100010: 11
1100011: 13
1100100: 7
1100101: 5
1100110: 8
1100111: 2
1101000: 9
1101001: 7
1101010: 18
1101011: 8
1101100: 4
1101101: 4
1101110: 5
1101111: 3
1110000: 18
1110001: 7
1110010: 15
1110011: 14
1110100: 6
1110101: 5
1110110: 10
1110111: 7
1111000: 14
1111001: 6
1111010: 13
1111011: 12
1111100: 5
1111101: 2
1111110: 6
1111111: 4

Record end






Record start
file: simulation.py
Time: 2020-03-22 14:05:07
Backend: ibmq_cambridge
Qubits: 28
Basis gates: u1, u2, u3, cx, id
Shots: 1024
Max shots: 8192
creg size: 7
qreg size: 14

0000000: 28
0000001: 10
0000010: 16
0000011: 7
0000100: 14
0000101: 9
0000110: 9
0000111: 6
0001000: 13
0001001: 13
0001010: 10
0001011: 10
0001100: 17
0001101: 6
0001110: 5
0001111: 8
0010000: 16
0010001: 11
0010010: 5
0010011: 4
0010100: 4
0010101: 1
0010110: 6
0010111: 2
0011000: 4
0011001: 11
0011010: 2
0011011: 1
0011100: 7
0011101: 6
0011110: 5
0011111: 1
0100000: 28
0100001: 14
0100010: 21
0100011: 10
0100100: 14
0100101: 11
0100110: 14
0100111: 17
0101000: 13
0101001: 7
0101010: 14
0101011: 9
0101100: 6
0101101: 9
0101110: 11
0101111: 7
0110000: 7
0110001: 7
0110010: 14
0110011: 1
0110100: 4
0110101: 3
0110110: 9
0110111: 6
0111000: 4
0111001: 0
0111010: 11
0111011: 8
0111100: 4
0111101: 1
0111110: 6
0111111: 0
1000000: 10
1000001: 15
1000010: 6
1000011: 5
1000100: 8
1000101: 4
1000110: 0
1000111: 5
1001000: 12
1001001: 7
1001010: 4
1001011: 4
1001100: 9
1001101: 3
1001110: 1
1001111: 0
1010000: 10
1010001: 6
1010010: 8
1010011: 6
1010100: 8
1010101: 10
1010110: 2
1010111: 3
1011000: 9
1011001: 18
1011010: 8
1011011: 5
1011100: 11
1011101: 8
1011110: 3
1011111: 4
1100000: 9
1100001: 4
1100010: 15
1100011: 7
1100100: 4
1100101: 4
1100110: 11
1100111: 11
1101000: 11
1101001: 7
1101010: 14
1101011: 3
1101100: 6
1101101: 5
1101110: 9
1101111: 3
1110000: 20
1110001: 9
1110010: 7
1110011: 8
1110100: 3
1110101: 3
1110110: 7
1110111: 6
1111000: 7
1111001: 12
1111010: 14
1111011: 5
1111100: 11
1111101: 2
1111110: 8
1111111: 10

Record end






Record start
file: simulation.py
Time: 2020-03-22 14:08:57
Backend: ibmq_cambridge
Qubits: 28
Basis gates: u1, u2, u3, cx, id
Shots: 1024
Max shots: 8192
creg size: 7
qreg size: 14

0000000: 26
0000001: 2
0000010: 18
0000011: 1
0000100: 31
0000101: 0
0000110: 16
0000111: 0
0001000: 25
0001001: 0
0001010: 18
0001011: 0
0001100: 15
0001101: 0
0001110: 21
0001111: 0
0010000: 18
0010001: 0
0010010: 16
0010011: 0
0010100: 20
0010101: 0
0010110: 15
0010111: 0
0011000: 31
0011001: 0
0011010: 11
0011011: 0
0011100: 17
0011101: 1
0011110: 12
0011111: 0
0100000: 1
0100001: 22
0100010: 0
0100011: 16
0100100: 0
0100101: 13
0100110: 0
0100111: 14
0101000: 1
0101001: 20
0101010: 0
0101011: 13
0101100: 0
0101101: 14
0101110: 0
0101111: 14
0110000: 1
0110001: 24
0110010: 0
0110011: 16
0110100: 0
0110101: 13
0110110: 0
0110111: 7
0111000: 0
0111001: 21
0111010: 1
0111011: 12
0111100: 0
0111101: 14
0111110: 1
0111111: 12
1000000: 26
1000001: 0
1000010: 17
1000011: 0
1000100: 25
1000101: 0
1000110: 11
1000111: 0
1001000: 17
1001001: 1
1001010: 17
1001011: 0
1001100: 14
1001101: 1
1001110: 13
1001111: 0
1010000: 24
1010001: 0
1010010: 16
1010011: 0
1010100: 23
1010101: 0
1010110: 8
1010111: 0
1011000: 16
1011001: 0
1011010: 15
1011011: 0
1011100: 13
1011101: 0
1011110: 9
1011111: 0
1100000: 0
1100001: 15
1100010: 0
1100011: 11
1100100: 0
1100101: 10
1100110: 0
1100111: 11
1101000: 1
1101001: 10
1101010: 0
1101011: 13
1101100: 0
1101101: 5
1101110: 0
1101111: 10
1110000: 0
1110001: 15
1110010: 0
1110011: 18
1110100: 1
1110101: 12
1110110: 0
1110111: 14
1111000: 0
1111001: 19
1111010: 0
1111011: 10
1111100: 0
1111101: 10
1111110: 0
1111111: 9

Record end






Record start
file: simulation.py
Time: 2020-03-22 14:27:24
Backend: ibmq_cambridge
Qubits: 28
Basis gates: u1, u2, u3, cx, id
Shots: 1024
Max shots: 8192
creg size: 7
qreg size: 14

0000000: 17
0000001: 7
0000010: 18
0000011: 3
0000100: 15
0000101: 6
0000110: 13
0000111: 4
0001000: 14
0001001: 6
0001010: 11
0001011: 2
0001100: 13
0001101: 1
0001110: 10
0001111: 1
0010000: 8
0010001: 3
0010010: 12
0010011: 4
0010100: 12
0010101: 4
0010110: 5
0010111: 3
0011000: 12
0011001: 4
0011010: 7
0011011: 8
0011100: 8
0011101: 3
0011110: 1
0011111: 1
0100000: 30
0100001: 11
0100010: 17
0100011: 6
0100100: 15
0100101: 7
0100110: 9
0100111: 3
0101000: 23
0101001: 3
0101010: 15
0101011: 2
0101100: 13
0101101: 5
0101110: 5
0101111: 2
0110000: 12
0110001: 4
0110010: 17
0110011: 7
0110100: 10
0110101: 5
0110110: 7
0110111: 6
0111000: 10
0111001: 7
0111010: 9
0111011: 4
0111100: 7
0111101: 2
0111110: 5
0111111: 1
1000000: 23
1000001: 4
1000010: 7
1000011: 4
1000100: 11
1000101: 5
1000110: 12
1000111: 4
1001000: 19
1001001: 6
1001010: 10
1001011: 2
1001100: 8
1001101: 2
1001110: 9
1001111: 1
1010000: 3
1010001: 2
1010010: 9
1010011: 3
1010100: 11
1010101: 4
1010110: 4
1010111: 4
1011000: 9
1011001: 4
1011010: 6
1011011: 1
1011100: 11
1011101: 6
1011110: 5
1011111: 3
1100000: 22
1100001: 5
1100010: 20
1100011: 8
1100100: 24
1100101: 5
1100110: 14
1100111: 4
1101000: 19
1101001: 5
1101010: 20
1101011: 3
1101100: 14
1101101: 2
1101110: 15
1101111: 4
1110000: 9
1110001: 6
1110010: 10
1110011: 3
1110100: 11
1110101: 4
1110110: 8
1110111: 2
1111000: 13
1111001: 10
1111010: 11
1111011: 3
1111100: 7
1111101: 6
1111110: 7
1111111: 3

Record end






Record start
file: simulation.py
Time: 2020-03-22 14:54:10
Backend: ibmq_cambridge
Qubits: 28
Basis gates: u1, u2, u3, cx, id
Shots: 8192
Max shots: 8192
creg size: 7
qreg size: 14

0000000: 133
0000001: 51
0000010: 72
0000011: 30
0000100: 109
0000101: 39
0000110: 65
0000111: 20
0001000: 157
0001001: 51
0001010: 49
0001011: 16
0001100: 152
0001101: 51
0001110: 39
0001111: 16
0010000: 110
0010001: 40
0010010: 63
0010011: 20
0010100: 94
0010101: 30
0010110: 50
0010111: 16
0011000: 140
0011001: 41
0011010: 43
0011011: 12
0011100: 96
0011101: 41
0011110: 36
0011111: 9
0100000: 103
0100001: 151
0100010: 51
0100011: 71
0100100: 93
0100101: 127
0100110: 39
0100111: 64
0101000: 142
0101001: 172
0101010: 42
0101011: 56
0101100: 108
0101101: 137
0101110: 36
0101111: 35
0110000: 88
0110001: 112
0110010: 56
0110011: 62
0110100: 81
0110101: 83
0110110: 43
0110111: 56
0111000: 121
0111001: 149
0111010: 31
0111011: 52
0111100: 99
0111101: 82
0111110: 24
0111111: 33
1000000: 83
1000001: 31
1000010: 108
1000011: 32
1000100: 68
1000101: 22
1000110: 84
1000111: 24
1001000: 85
1001001: 37
1001010: 77
1001011: 30
1001100: 75
1001101: 23
1001110: 82
1001111: 24
1010000: 73
1010001: 22
1010010: 88
1010011: 30
1010100: 55
1010101: 21
1010110: 66
1010111: 28
1011000: 69
1011001: 29
1011010: 56
1011011: 27
1011100: 66
1011101: 20
1011110: 53
1011111: 13
1100000: 61
1100001: 75
1100010: 94
1100011: 105
1100100: 63
1100101: 54
1100110: 79
1100111: 66
1101000: 78
1101001: 100
1101010: 64
1101011: 80
1101100: 57
1101101: 60
1101110: 56
1101111: 81
1110000: 48
1110001: 66
1110010: 56
1110011: 78
1110100: 45
1110101: 57
1110110: 62
1110111: 71
1111000: 68
1111001: 90
1111010: 53
1111011: 54
1111100: 39
1111101: 60
1111110: 32
1111111: 49

Record end






Record start
file: simulation.py
Time: 2020-03-24 20:45:33
Backend: ibmq_almaden
Qubits: 20
Basis gates: u1, u2, u3, cx, id
Shots: 8192
Max shots: 8192
creg size: 3
qreg size: 6

000: 834
001: 1280
010: 1467
011: 875
100: 688
101: 1104
110: 1283
111: 661

Record end






Record start
file: simulation.py
Time: 2020-03-24 20:47:24
Backend: ibmq_almaden
Qubits: 20
Basis gates: u1, u2, u3, cx, id
Shots: 8192
Max shots: 8192
creg size: 3
qreg size: 6

000: 826
001: 1719
010: 1011
011: 1182
100: 565
101: 1192
110: 753
111: 944

Record end






Record start
file: simulation.py
Time: 2020-03-24 20:53:26
Backend: ibmq_boeblingen
Qubits: 20
Basis gates: u1, u2, u3, cx, id
Shots: 8192
Max shots: 8192
creg size: 3
qreg size: 6

000: 653
001: 925
010: 925
011: 488
100: 1474
101: 1387
110: 1529
111: 811

Record end






Record start
file: simulation.py
Time: 2020-03-24 20:54:47
Backend: ibmq_almaden
Qubits: 20
Basis gates: u1, u2, u3, cx, id
Shots: 8192
Max shots: 8192
creg size: 3
qreg size: 6

000: 1290
001: 754
010: 1465
011: 593
100: 992
101: 665
110: 1585
111: 848

Record end






Record start
file: simulation.py
Time: 2020-03-24 20:56:09
Backend: ibmq_almaden
Qubits: 20
Basis gates: u1, u2, u3, cx, id
Shots: 8192
Max shots: 8192
creg size: 3
qreg size: 6

000: 1027
001: 1368
010: 1859
011: 736
100: 692
101: 777
110: 1073
111: 660

Record end






Record start
file: simulation.py
Time: 2020-03-24 20:57:29
Backend: ibmq_almaden
Qubits: 20
Basis gates: u1, u2, u3, cx, id
Shots: 8192
Max shots: 8192
creg size: 3
qreg size: 6

000: 887
001: 1647
010: 1157
011: 1047
100: 533
101: 1143
110: 897
111: 881

Record end






Record start
file: simulation.py
Time: 2020-03-24 20:58:51
Backend: ibmq_almaden
Qubits: 20
Basis gates: u1, u2, u3, cx, id
Shots: 8192
Max shots: 8192
creg size: 3
qreg size: 6

000: 1575
001: 1085
010: 955
011: 1205
100: 1009
101: 716
110: 755
111: 892

Record end






Record start
file: simulation.py
Time: 2020-03-24 21:00:51
Backend: ibmq_boeblingen
Qubits: 20
Basis gates: u1, u2, u3, cx, id
Shots: 8192
Max shots: 8192
creg size: 3
qreg size: 6

000: 640
001: 609
010: 607
011: 1159
100: 678
101: 1071
110: 1508
111: 1920

Record end






Record start
file: simulation.py
Time: 2020-03-24 21:02:12
Backend: ibmq_almaden
Qubits: 20
Basis gates: u1, u2, u3, cx, id
Shots: 8192
Max shots: 8192
creg size: 3
qreg size: 6

000: 830
001: 1202
010: 923
011: 996
100: 849
101: 1448
110: 975
111: 969

Record end






Record start
file: simulation.py
Time: 2020-03-24 21:03:33
Backend: ibmq_almaden
Qubits: 20
Basis gates: u1, u2, u3, cx, id
Shots: 8192
Max shots: 8192
creg size: 3
qreg size: 6

000: 815
001: 1210
010: 911
011: 1033
100: 839
101: 1430
110: 981
111: 973

Record end






Record start
file: simulation.py
Time: 2020-03-24 21:04:53
Backend: ibmq_almaden
Qubits: 20
Basis gates: u1, u2, u3, cx, id
Shots: 8192
Max shots: 8192
creg size: 3
qreg size: 6

000: 1083
001: 957
010: 1155
011: 985
100: 1252
101: 961
110: 1080
111: 719

Record end






Record start
file: simulation.py
Time: 2020-03-24 21:06:18
Backend: ibmq_almaden
Qubits: 20
Basis gates: u1, u2, u3, cx, id
Shots: 8192
Max shots: 8192
creg size: 3
qreg size: 6

000: 738
001: 758
010: 849
011: 1070
100: 760
101: 1128
110: 1346
111: 1543

Record end






Record start
file: simulation.py
Time: 2020-04-06 09:57:31
Backend: ibmq_almaden
Qubits: 20
Basis gates: u1, u2, u3, cx, id
Shots: 8192
Max shots: 8192
creg size: 4
qreg size: 8

0000: 641
0001: 525
0010: 540
0011: 457
0100: 582
0101: 514
0110: 513
0111: 454
1000: 666
1001: 570
1010: 521
1011: 419
1100: 543
1101: 447
1110: 436
1111: 364

Record end






Record start
file: simulation.py
Time: 2020-04-06 10:03:10
Backend: ibmq_almaden
Qubits: 20
Basis gates: u1, u2, u3, cx, id
Shots: 8192
Max shots: 8192
creg size: 2
qreg size: 4

00: 1994
01: 639
10: 5155
11: 404

Record end



